2025-09-04 19:41:20,462 INFO o.a.j.u.JMeterUtils: Setting Locale to en_EN
2025-09-04 19:41:20,496 INFO o.a.j.JMeter: Loading user properties from: C:\apache-jmeter-5.6.3\bin\user.properties
2025-09-04 19:41:20,497 INFO o.a.j.JMeter: Loading system properties from: C:\apache-jmeter-5.6.3\bin\system.properties
2025-09-04 19:41:20,506 INFO o.a.j.JMeter: Copyright (c) 1998-2024 The Apache Software Foundation
2025-09-04 19:41:20,506 INFO o.a.j.JMeter: Version 5.6.3
2025-09-04 19:41:20,506 INFO o.a.j.JMeter: java.version=21.0.5
2025-09-04 19:41:20,506 INFO o.a.j.JMeter: java.vm.name=Java HotSpot(TM) 64-Bit Server VM
2025-09-04 19:41:20,506 INFO o.a.j.JMeter: os.name=Windows 11
2025-09-04 19:41:20,506 INFO o.a.j.JMeter: os.arch=amd64
2025-09-04 19:41:20,506 INFO o.a.j.JMeter: os.version=10.0
2025-09-04 19:41:20,506 INFO o.a.j.JMeter: file.encoding=UTF-8
2025-09-04 19:41:20,507 INFO o.a.j.JMeter: java.awt.headless=true
2025-09-04 19:41:20,507 INFO o.a.j.JMeter: Max memory     =1073741824
2025-09-04 19:41:20,507 INFO o.a.j.JMeter: Available Processors =16
2025-09-04 19:41:20,523 INFO o.a.j.JMeter: Default Locale=English (EN)
2025-09-04 19:41:20,523 INFO o.a.j.JMeter: JMeter  Locale=English (EN)
2025-09-04 19:41:20,523 INFO o.a.j.JMeter: JMeterHome=C:\apache-jmeter-5.6.3
2025-09-04 19:41:20,523 INFO o.a.j.JMeter: user.dir  =C:\Users\fabio\proyectos jmeter\Modulo7-Actividad3
2025-09-04 19:41:20,523 INFO o.a.j.JMeter: PWD       =C:\Users\fabio\proyectos jmeter\Modulo7-Actividad3
2025-09-04 19:41:20,526 INFO o.a.j.JMeter: IP: 192.168.1.20 Name: LAPTOP-Q4QU1SI5 FullName: LAPTOP-Q4QU1SI5
2025-09-04 19:41:20,539 INFO o.a.j.JMeter: Setting property 'jmeter.reportgenerator.outputdir' to:'C:\Users\fabio\proyectos jmeter\Modulo7-Actividad3\docs'
2025-09-04 19:41:20,541 INFO o.a.j.s.FileServer: Default base='C:\Users\fabio\proyectos jmeter\Modulo7-Actividad3'
2025-09-04 19:41:20,545 INFO o.a.j.s.FileServer: Set new base='C:\Users\fabio\proyectos jmeter\Modulo7-Actividad3'
2025-09-04 19:41:20,778 INFO o.a.j.s.SaveService: Testplan (JMX) version: 2.2. Testlog (JTL) version: 2.2
2025-09-04 19:41:20,819 INFO o.a.j.s.SaveService: Using SaveService properties version 5.0
2025-09-04 19:41:20,823 INFO o.a.j.s.SaveService: Using SaveService properties file encoding UTF-8
2025-09-04 19:41:20,828 INFO o.a.j.s.SaveService: Loading file: BlazeDemo.jmx
2025-09-04 19:41:20,918 INFO o.a.j.p.h.s.HTTPSamplerBase: Parser for text/html is org.apache.jmeter.protocol.http.parser.LagartoBasedHtmlParser
2025-09-04 19:41:20,918 INFO o.a.j.p.h.s.HTTPSamplerBase: Parser for application/xhtml+xml is org.apache.jmeter.protocol.http.parser.LagartoBasedHtmlParser
2025-09-04 19:41:20,919 INFO o.a.j.p.h.s.HTTPSamplerBase: Parser for application/xml is org.apache.jmeter.protocol.http.parser.LagartoBasedHtmlParser
2025-09-04 19:41:20,919 INFO o.a.j.p.h.s.HTTPSamplerBase: Parser for text/xml is org.apache.jmeter.protocol.http.parser.LagartoBasedHtmlParser
2025-09-04 19:41:20,919 INFO o.a.j.p.h.s.HTTPSamplerBase: Parser for text/vnd.wap.wml is org.apache.jmeter.protocol.http.parser.RegexpHTMLParser
2025-09-04 19:41:20,919 INFO o.a.j.p.h.s.HTTPSamplerBase: Parser for text/css is org.apache.jmeter.protocol.http.parser.CssParser
2025-09-04 19:41:20,947 INFO o.a.j.p.h.c.CacheManager: Will only cache the following methods: [GET]
2025-09-04 19:41:20,949 INFO o.a.j.p.h.c.CookieManager: Settings: Delete null: true Check: true Allow variable: true Save: false Prefix: COOKIE_
2025-09-04 19:41:20,962 INFO o.a.j.JMeter: Creating summariser <summary>
2025-09-04 19:41:20,967 INFO o.a.j.r.d.ReportGenerator: ReportGenerator will use for Parsing the separator: ','
2025-09-04 19:41:20,968 INFO o.a.j.r.d.ReportGenerator: Will generate report at end of test from  results file: results.jtl
2025-09-04 19:41:20,968 INFO o.a.j.r.d.ReportGenerator: Reading report generator properties from: C:\apache-jmeter-5.6.3\bin\reportgenerator.properties
2025-09-04 19:41:20,969 INFO o.a.j.r.d.ReportGenerator: Merging with JMeter properties
2025-09-04 19:41:20,973 INFO o.a.j.r.c.ReportGeneratorConfiguration: Property 'jmeter.reportgenerator.temp_dir' not found, using default value 'temp' instead.
2025-09-04 19:41:20,979 INFO o.a.j.r.c.ReportGeneratorConfiguration: Property 'jmeter.reportgenerator.apdex_per_transaction' not found, using default value 'null' instead.
2025-09-04 19:41:20,979 INFO o.a.j.r.c.ReportGeneratorConfiguration: apdex_per_transaction is empty, not APDEX per transaction customization
2025-09-04 19:41:20,981 INFO o.a.j.r.c.ReportGeneratorConfiguration: Property 'jmeter.reportgenerator.sample_filter' not found, using default value 'null' instead.
2025-09-04 19:41:20,981 INFO o.a.j.r.c.ReportGeneratorConfiguration: Property 'jmeter.reportgenerator.report_title' not found, using default value 'null' instead.
2025-09-04 19:41:20,981 INFO o.a.j.r.c.ReportGeneratorConfiguration: Property 'jmeter.reportgenerator.start_date' not found, using default value 'null' instead.
2025-09-04 19:41:20,981 INFO o.a.j.r.c.ReportGeneratorConfiguration: Property 'jmeter.reportgenerator.end_date' not found, using default value 'null' instead.
2025-09-04 19:41:20,981 INFO o.a.j.r.c.ReportGeneratorConfiguration: Property 'jmeter.reportgenerator.date_format' not found, using default value 'null' instead.
2025-09-04 19:41:20,982 INFO o.a.j.r.c.ReportGeneratorConfiguration: Will use date range start date: null, end date: null
2025-09-04 19:41:20,988 INFO o.a.j.r.c.ReportGeneratorConfiguration: Property 'jmeter.reportgenerator.graph.totalTPS.exclude_controllers' not found, using default value 'false' instead.
2025-09-04 19:41:20,988 INFO o.a.j.r.c.ReportGeneratorConfiguration: Property 'jmeter.reportgenerator.graph.activeThreadsOverTime.exclude_controllers' not found, using default value 'false' instead.
2025-09-04 19:41:20,989 INFO o.a.j.r.c.ReportGeneratorConfiguration: Property 'jmeter.reportgenerator.graph.timeVsThreads.exclude_controllers' not found, using default value 'false' instead.
2025-09-04 19:41:20,989 INFO o.a.j.r.c.ReportGeneratorConfiguration: Property 'jmeter.reportgenerator.graph.responseTimeDistribution.exclude_controllers' not found, using default value 'false' instead.
2025-09-04 19:41:20,989 INFO o.a.j.r.c.ReportGeneratorConfiguration: Property 'jmeter.reportgenerator.graph.transactionsPerSecond.exclude_controllers' not found, using default value 'false' instead.
2025-09-04 19:41:20,989 INFO o.a.j.r.c.ReportGeneratorConfiguration: Property 'jmeter.reportgenerator.graph.responseTimePercentiles.exclude_controllers' not found, using default value 'false' instead.
2025-09-04 19:41:20,989 INFO o.a.j.r.c.ReportGeneratorConfiguration: Property 'jmeter.reportgenerator.graph.responseTimePercentilesOverTime.exclude_controllers' not found, using default value 'false' instead.
2025-09-04 19:41:20,989 INFO o.a.j.r.c.ReportGeneratorConfiguration: Property 'jmeter.reportgenerator.graph.responseTimesOverTime.exclude_controllers' not found, using default value 'false' instead.
2025-09-04 19:41:20,990 INFO o.a.j.r.c.ReportGeneratorConfiguration: Property 'jmeter.reportgenerator.graph.connectTimeOverTime.exclude_controllers' not found, using default value 'false' instead.
2025-09-04 19:41:20,990 INFO o.a.j.r.c.ReportGeneratorConfiguration: Property 'jmeter.reportgenerator.graph.latenciesOverTime.exclude_controllers' not found, using default value 'false' instead.
2025-09-04 19:41:20,991 INFO o.a.j.r.c.ReportGeneratorConfiguration: Property 'jmeter.reportgenerator.exporter.json.filters_only_sample_series' not found, using default value 'true' instead.
2025-09-04 19:41:20,991 INFO o.a.j.r.c.ReportGeneratorConfiguration: Property 'jmeter.reportgenerator.exporter.json.series_filter' not found, using default value '' instead.
2025-09-04 19:41:20,991 INFO o.a.j.r.c.ReportGeneratorConfiguration: Property 'jmeter.reportgenerator.exporter.json.show_controllers_only' not found, using default value 'false' instead.
2025-09-04 19:41:20,991 INFO o.a.j.r.c.ReportGeneratorConfiguration: Property 'jmeter.reportgenerator.exporter.html.filters_only_sample_series' not found, using default value 'true' instead.
2025-09-04 19:41:20,991 INFO o.a.j.r.c.ReportGeneratorConfiguration: Property 'jmeter.reportgenerator.exporter.html.series_filter' not found, using default value '' instead.
2025-09-04 19:41:20,992 INFO o.a.j.r.c.ReportGeneratorConfiguration: Property 'jmeter.reportgenerator.exporter.html.show_controllers_only' not found, using default value 'false' instead.
2025-09-04 19:41:21,020 INFO o.a.j.e.StandardJMeterEngine: Running the test!
2025-09-04 19:41:21,021 INFO o.a.j.s.SampleEvent: List of sample_variables: []
2025-09-04 19:41:21,021 INFO o.a.j.s.SampleEvent: List of sample_variables: []
2025-09-04 19:41:21,027 INFO o.a.j.e.u.CompoundVariable: Note: Function class names must contain the string: '.functions.'
2025-09-04 19:41:21,028 INFO o.a.j.e.u.CompoundVariable: Note: Function class names must not contain the string: '.gui.'
2025-09-04 19:41:21,135 WARN o.a.j.e.u.FunctionParser: Probably an invalid function string: address]
2025-09-04 19:41:21,219 INFO o.a.j.JMeter: Running test (1757029281218)
2025-09-04 19:41:21,253 INFO o.a.j.e.StandardJMeterEngine: Starting ThreadGroup: 1 : TG - Load
2025-09-04 19:41:21,255 INFO o.a.j.e.StandardJMeterEngine: Starting 50 threads for group TG - Load.
2025-09-04 19:41:21,255 INFO o.a.j.e.StandardJMeterEngine: Thread will continue on error
2025-09-04 19:41:21,255 INFO o.a.j.t.ThreadGroup: Starting thread group... number=1 threads=50 ramp-up=30 delayedStart=false
2025-09-04 19:41:21,268 INFO o.a.j.s.SampleResult: Note: Sample TimeStamps are START times
2025-09-04 19:41:21,269 INFO o.a.j.s.SampleResult: sampleresult.default.encoding is set to UTF-8
2025-09-04 19:41:21,269 INFO o.a.j.s.SampleResult: sampleresult.useNanoTime=true
2025-09-04 19:41:21,269 INFO o.a.j.s.SampleResult: sampleresult.nanoThreadSleep=5000
2025-09-04 19:41:21,401 INFO o.a.j.t.ThreadGroup: Started thread group number 1
2025-09-04 19:41:21,401 INFO o.a.j.e.StandardJMeterEngine: All thread groups have been started
2025-09-04 19:41:21,656 INFO o.a.j.t.JMeterThread: Thread started: TG - Load 1-1
2025-09-04 19:41:21,666 INFO o.a.j.s.FileServer: Stored: C:/Users/fabio/proyectos jmeter/Modulo7-Actividad3/blaze_users_fixed.csv
2025-09-04 19:41:21,895 INFO o.a.j.p.h.s.HTTPHCAbstractImpl: Local host = LAPTOP-Q4QU1SI5
2025-09-04 19:41:21,901 INFO o.a.j.p.h.s.HTTPHC4Impl: HTTP request retry count = 0
2025-09-04 19:41:22,051 INFO o.a.j.p.h.s.h.LazyLayeredConnectionSocketFactory: Setting up HTTPS TrustAll Socket Factory
2025-09-04 19:41:22,062 INFO o.a.j.u.JsseSSLManager: Using default SSL protocol: TLS
2025-09-04 19:41:22,062 INFO o.a.j.u.JsseSSLManager: SSL session context: per-thread
2025-09-04 19:41:22,195 INFO o.a.j.u.SSLManager: JmeterKeyStore Location:  type JKS
2025-09-04 19:41:22,201 INFO o.a.j.u.SSLManager: KeyStore created OK
2025-09-04 19:41:22,201 WARN o.a.j.u.SSLManager: Keystore file not found, loading empty keystore
2025-09-04 19:41:22,250 INFO o.a.j.t.JMeterThread: Thread started: TG - Load 1-2
2025-09-04 19:41:22,847 INFO o.a.j.t.JMeterThread: Thread started: TG - Load 1-3
2025-09-04 19:41:23,448 INFO o.a.j.t.JMeterThread: Thread started: TG - Load 1-4
2025-09-04 19:41:24,045 INFO o.a.j.t.JMeterThread: Thread started: TG - Load 1-5
2025-09-04 19:41:24,645 INFO o.a.j.t.JMeterThread: Thread started: TG - Load 1-6
2025-09-04 19:41:25,242 INFO o.a.j.t.JMeterThread: Thread started: TG - Load 1-7
2025-09-04 19:41:25,840 INFO o.a.j.t.JMeterThread: Thread started: TG - Load 1-8
2025-09-04 19:41:26,438 INFO o.a.j.t.JMeterThread: Thread started: TG - Load 1-9
2025-09-04 19:41:27,036 INFO o.a.j.t.JMeterThread: Thread started: TG - Load 1-10
2025-09-04 19:41:27,635 INFO o.a.j.t.JMeterThread: Thread started: TG - Load 1-11
2025-09-04 19:41:28,231 INFO o.a.j.t.JMeterThread: Thread started: TG - Load 1-12
2025-09-04 19:41:28,831 INFO o.a.j.t.JMeterThread: Thread started: TG - Load 1-13
2025-09-04 19:41:29,428 INFO o.a.j.t.JMeterThread: Thread started: TG - Load 1-14
2025-09-04 19:41:30,023 INFO o.a.j.t.JMeterThread: Thread started: TG - Load 1-15
2025-09-04 19:41:30,621 INFO o.a.j.t.JMeterThread: Thread started: TG - Load 1-16
2025-09-04 19:41:31,216 INFO o.a.j.t.JMeterThread: Thread started: TG - Load 1-17
2025-09-04 19:41:31,814 INFO o.a.j.t.JMeterThread: Thread started: TG - Load 1-18
2025-09-04 19:41:32,413 INFO o.a.j.t.JMeterThread: Thread started: TG - Load 1-19
2025-09-04 19:41:33,012 INFO o.a.j.t.JMeterThread: Thread started: TG - Load 1-20
2025-09-04 19:41:33,572 INFO o.a.j.t.JMeterThread: Thread is done: TG - Load 1-5
2025-09-04 19:41:33,572 INFO o.a.j.t.JMeterThread: Thread finished: TG - Load 1-5
2025-09-04 19:41:33,608 INFO o.a.j.t.JMeterThread: Thread started: TG - Load 1-21
2025-09-04 19:41:34,206 INFO o.a.j.t.JMeterThread: Thread started: TG - Load 1-22
2025-09-04 19:41:34,218 INFO o.a.j.t.JMeterThread: Thread is done: TG - Load 1-1
2025-09-04 19:41:34,218 INFO o.a.j.t.JMeterThread: Thread finished: TG - Load 1-1
2025-09-04 19:41:34,498 INFO o.a.j.t.JMeterThread: Thread is done: TG - Load 1-7
2025-09-04 19:41:34,498 INFO o.a.j.t.JMeterThread: Thread finished: TG - Load 1-7
2025-09-04 19:41:34,676 INFO o.a.j.t.JMeterThread: Thread is done: TG - Load 1-4
2025-09-04 19:41:34,677 INFO o.a.j.t.JMeterThread: Thread finished: TG - Load 1-4
2025-09-04 19:41:34,802 INFO o.a.j.t.JMeterThread: Thread started: TG - Load 1-23
2025-09-04 19:41:35,401 INFO o.a.j.t.JMeterThread: Thread started: TG - Load 1-24
2025-09-04 19:41:35,840 INFO o.a.j.t.JMeterThread: Thread is done: TG - Load 1-6
2025-09-04 19:41:35,840 INFO o.a.j.t.JMeterThread: Thread finished: TG - Load 1-6
2025-09-04 19:41:35,911 INFO o.a.j.t.JMeterThread: Thread is done: TG - Load 1-10
2025-09-04 19:41:35,912 INFO o.a.j.t.JMeterThread: Thread finished: TG - Load 1-10
2025-09-04 19:41:35,996 INFO o.a.j.t.JMeterThread: Thread started: TG - Load 1-25
2025-09-04 19:41:36,590 INFO o.a.j.t.JMeterThread: Thread started: TG - Load 1-26
2025-09-04 19:41:36,998 INFO o.a.j.t.JMeterThread: Thread is done: TG - Load 1-3
2025-09-04 19:41:36,998 INFO o.a.j.t.JMeterThread: Thread finished: TG - Load 1-3
2025-09-04 19:41:37,189 INFO o.a.j.t.JMeterThread: Thread started: TG - Load 1-27
2025-09-04 19:41:37,785 INFO o.a.j.t.JMeterThread: Thread started: TG - Load 1-28
2025-09-04 19:41:37,897 INFO o.a.j.t.JMeterThread: Thread is done: TG - Load 1-17
2025-09-04 19:41:37,897 INFO o.a.j.t.JMeterThread: Thread finished: TG - Load 1-17
2025-09-04 19:41:38,083 INFO o.a.j.t.JMeterThread: Thread is done: TG - Load 1-8
2025-09-04 19:41:38,085 INFO o.a.j.t.JMeterThread: Thread finished: TG - Load 1-8
2025-09-04 19:41:38,382 INFO o.a.j.t.JMeterThread: Thread started: TG - Load 1-29
2025-09-04 19:41:38,979 INFO o.a.j.t.JMeterThread: Thread started: TG - Load 1-30
2025-09-04 19:41:39,153 INFO o.a.j.t.JMeterThread: Thread is done: TG - Load 1-11
2025-09-04 19:41:39,153 INFO o.a.j.t.JMeterThread: Thread finished: TG - Load 1-11
2025-09-04 19:41:39,570 INFO o.a.j.t.JMeterThread: Thread started: TG - Load 1-31
2025-09-04 19:41:39,773 INFO o.a.j.t.JMeterThread: Thread is done: TG - Load 1-2
2025-09-04 19:41:39,773 INFO o.a.j.t.JMeterThread: Thread finished: TG - Load 1-2
2025-09-04 19:41:39,903 INFO o.a.j.t.JMeterThread: Thread is done: TG - Load 1-13
2025-09-04 19:41:39,903 INFO o.a.j.t.JMeterThread: Thread finished: TG - Load 1-13
2025-09-04 19:41:40,165 INFO o.a.j.t.JMeterThread: Thread started: TG - Load 1-32
2025-09-04 19:41:40,763 INFO o.a.j.t.JMeterThread: Thread started: TG - Load 1-33
2025-09-04 19:41:41,087 INFO o.a.j.t.JMeterThread: Thread is done: TG - Load 1-9
2025-09-04 19:41:41,087 INFO o.a.j.t.JMeterThread: Thread finished: TG - Load 1-9
2025-09-04 19:41:41,361 INFO o.a.j.t.JMeterThread: Thread started: TG - Load 1-34
2025-09-04 19:41:41,811 INFO o.a.j.t.JMeterThread: Thread is done: TG - Load 1-12
2025-09-04 19:41:41,811 INFO o.a.j.t.JMeterThread: Thread finished: TG - Load 1-12
2025-09-04 19:41:41,956 INFO o.a.j.t.JMeterThread: Thread started: TG - Load 1-35
2025-09-04 19:41:42,553 INFO o.a.j.t.JMeterThread: Thread started: TG - Load 1-36
2025-09-04 19:41:43,151 INFO o.a.j.t.JMeterThread: Thread started: TG - Load 1-37
2025-09-04 19:41:43,751 INFO o.a.j.t.JMeterThread: Thread started: TG - Load 1-38
2025-09-04 19:41:44,346 INFO o.a.j.t.JMeterThread: Thread started: TG - Load 1-39
2025-09-04 19:41:44,470 INFO o.a.j.t.JMeterThread: Thread is done: TG - Load 1-14
2025-09-04 19:41:44,471 INFO o.a.j.t.JMeterThread: Thread finished: TG - Load 1-14
2025-09-04 19:41:44,940 INFO o.a.j.t.JMeterThread: Thread started: TG - Load 1-40
2025-09-04 19:41:45,540 INFO o.a.j.t.JMeterThread: Thread started: TG - Load 1-41
2025-09-04 19:41:46,137 INFO o.a.j.t.JMeterThread: Thread started: TG - Load 1-42
2025-09-04 19:41:46,733 INFO o.a.j.t.JMeterThread: Thread started: TG - Load 1-43
2025-09-04 19:41:46,921 INFO o.a.j.t.JMeterThread: Thread is done: TG - Load 1-28
2025-09-04 19:41:46,921 INFO o.a.j.t.JMeterThread: Thread finished: TG - Load 1-28
2025-09-04 19:41:47,098 INFO o.a.j.t.JMeterThread: Thread is done: TG - Load 1-18
2025-09-04 19:41:47,098 INFO o.a.j.t.JMeterThread: Thread finished: TG - Load 1-18
2025-09-04 19:41:47,327 INFO o.a.j.t.JMeterThread: Thread started: TG - Load 1-44
2025-09-04 19:41:47,341 INFO o.a.j.t.JMeterThread: Thread is done: TG - Load 1-20
2025-09-04 19:41:47,341 INFO o.a.j.t.JMeterThread: Thread finished: TG - Load 1-20
2025-09-04 19:41:47,530 INFO o.a.j.t.JMeterThread: Thread is done: TG - Load 1-22
2025-09-04 19:41:47,530 INFO o.a.j.t.JMeterThread: Thread finished: TG - Load 1-22
2025-09-04 19:41:47,749 INFO o.a.j.t.JMeterThread: Thread is done: TG - Load 1-23
2025-09-04 19:41:47,750 INFO o.a.j.t.JMeterThread: Thread finished: TG - Load 1-23
2025-09-04 19:41:47,917 INFO o.a.j.t.JMeterThread: Thread is done: TG - Load 1-21
2025-09-04 19:41:47,917 INFO o.a.j.t.JMeterThread: Thread finished: TG - Load 1-21
2025-09-04 19:41:47,927 INFO o.a.j.t.JMeterThread: Thread started: TG - Load 1-45
2025-09-04 19:41:48,522 INFO o.a.j.t.JMeterThread: Thread started: TG - Load 1-46
2025-09-04 19:41:48,976 INFO o.a.j.t.JMeterThread: Thread is done: TG - Load 1-15
2025-09-04 19:41:48,976 INFO o.a.j.t.JMeterThread: Thread finished: TG - Load 1-15
2025-09-04 19:41:49,121 INFO o.a.j.t.JMeterThread: Thread started: TG - Load 1-47
2025-09-04 19:41:49,717 INFO o.a.j.t.JMeterThread: Thread started: TG - Load 1-48
2025-09-04 19:41:49,880 INFO o.a.j.t.JMeterThread: Thread is done: TG - Load 1-24
2025-09-04 19:41:49,880 INFO o.a.j.t.JMeterThread: Thread finished: TG - Load 1-24
2025-09-04 19:41:49,923 INFO o.a.j.t.JMeterThread: Thread is done: TG - Load 1-16
2025-09-04 19:41:49,923 INFO o.a.j.t.JMeterThread: Thread finished: TG - Load 1-16
2025-09-04 19:41:50,316 INFO o.a.j.t.JMeterThread: Thread started: TG - Load 1-49
2025-09-04 19:41:50,913 INFO o.a.j.t.JMeterThread: Thread started: TG - Load 1-50
2025-09-04 19:41:51,394 INFO o.a.j.t.JMeterThread: Thread is done: TG - Load 1-27
2025-09-04 19:41:51,395 INFO o.a.j.t.JMeterThread: Thread finished: TG - Load 1-27
2025-09-04 19:41:51,683 INFO o.a.j.t.JMeterThread: Thread is done: TG - Load 1-26
2025-09-04 19:41:51,683 INFO o.a.j.t.JMeterThread: Thread finished: TG - Load 1-26
2025-09-04 19:41:51,965 INFO o.a.j.t.JMeterThread: Thread is done: TG - Load 1-36
2025-09-04 19:41:51,965 INFO o.a.j.t.JMeterThread: Thread finished: TG - Load 1-36
2025-09-04 19:41:52,876 INFO o.a.j.t.JMeterThread: Thread is done: TG - Load 1-29
2025-09-04 19:41:52,877 INFO o.a.j.t.JMeterThread: Thread finished: TG - Load 1-29
2025-09-04 19:41:53,912 INFO o.a.j.t.JMeterThread: Thread is done: TG - Load 1-19
2025-09-04 19:41:53,912 INFO o.a.j.t.JMeterThread: Thread finished: TG - Load 1-19
2025-09-04 19:41:54,102 INFO o.a.j.t.JMeterThread: Thread is done: TG - Load 1-30
2025-09-04 19:41:54,102 INFO o.a.j.t.JMeterThread: Thread finished: TG - Load 1-30
2025-09-04 19:41:54,855 INFO o.a.j.t.JMeterThread: Thread is done: TG - Load 1-25
2025-09-04 19:41:54,855 INFO o.a.j.t.JMeterThread: Thread finished: TG - Load 1-25
2025-09-04 19:41:55,085 INFO o.a.j.t.JMeterThread: Thread is done: TG - Load 1-34
2025-09-04 19:41:55,085 INFO o.a.j.t.JMeterThread: Thread finished: TG - Load 1-34
2025-09-04 19:41:55,554 INFO o.a.j.t.JMeterThread: Thread is done: TG - Load 1-33
2025-09-04 19:41:55,554 INFO o.a.j.t.JMeterThread: Thread finished: TG - Load 1-33
2025-09-04 19:41:56,912 INFO o.a.j.t.JMeterThread: Thread is done: TG - Load 1-37
2025-09-04 19:41:56,912 INFO o.a.j.t.JMeterThread: Thread finished: TG - Load 1-37
2025-09-04 19:41:57,127 INFO o.a.j.t.JMeterThread: Thread is done: TG - Load 1-39
2025-09-04 19:41:57,127 INFO o.a.j.t.JMeterThread: Thread finished: TG - Load 1-39
2025-09-04 19:41:57,454 INFO o.a.j.t.JMeterThread: Thread is done: TG - Load 1-32
2025-09-04 19:41:57,454 INFO o.a.j.t.JMeterThread: Thread finished: TG - Load 1-32
2025-09-04 19:41:57,616 INFO o.a.j.t.JMeterThread: Thread is done: TG - Load 1-40
2025-09-04 19:41:57,616 INFO o.a.j.t.JMeterThread: Thread finished: TG - Load 1-40
2025-09-04 19:41:57,682 INFO o.a.j.t.JMeterThread: Thread is done: TG - Load 1-35
2025-09-04 19:41:57,682 INFO o.a.j.t.JMeterThread: Thread finished: TG - Load 1-35
2025-09-04 19:41:58,434 INFO o.a.j.t.JMeterThread: Thread is done: TG - Load 1-31
2025-09-04 19:41:58,434 INFO o.a.j.t.JMeterThread: Thread finished: TG - Load 1-31
2025-09-04 19:41:59,508 INFO o.a.j.t.JMeterThread: Thread is done: TG - Load 1-42
2025-09-04 19:41:59,509 INFO o.a.j.t.JMeterThread: Thread finished: TG - Load 1-42
2025-09-04 19:42:00,159 INFO o.a.j.t.JMeterThread: Thread is done: TG - Load 1-38
2025-09-04 19:42:00,159 INFO o.a.j.t.JMeterThread: Thread finished: TG - Load 1-38
2025-09-04 19:42:00,635 INFO o.a.j.t.JMeterThread: Thread is done: TG - Load 1-41
2025-09-04 19:42:00,635 INFO o.a.j.t.JMeterThread: Thread finished: TG - Load 1-41
2025-09-04 19:42:01,678 INFO o.a.j.t.JMeterThread: Thread is done: TG - Load 1-45
2025-09-04 19:42:01,678 INFO o.a.j.t.JMeterThread: Thread finished: TG - Load 1-45
2025-09-04 19:42:02,678 INFO o.a.j.t.JMeterThread: Thread is done: TG - Load 1-50
2025-09-04 19:42:02,678 INFO o.a.j.t.JMeterThread: Thread finished: TG - Load 1-50
2025-09-04 19:42:03,024 INFO o.a.j.t.JMeterThread: Thread is done: TG - Load 1-43
2025-09-04 19:42:03,024 INFO o.a.j.t.JMeterThread: Thread finished: TG - Load 1-43
2025-09-04 19:42:03,631 INFO o.a.j.t.JMeterThread: Thread is done: TG - Load 1-44
2025-09-04 19:42:03,631 INFO o.a.j.t.JMeterThread: Thread finished: TG - Load 1-44
2025-09-04 19:42:05,847 INFO o.a.j.t.JMeterThread: Thread is done: TG - Load 1-46
2025-09-04 19:42:05,847 INFO o.a.j.t.JMeterThread: Thread finished: TG - Load 1-46
2025-09-04 19:42:05,989 INFO o.a.j.t.JMeterThread: Thread is done: TG - Load 1-49
2025-09-04 19:42:05,989 INFO o.a.j.t.JMeterThread: Thread finished: TG - Load 1-49
2025-09-04 19:42:06,647 INFO o.a.j.t.JMeterThread: Thread is done: TG - Load 1-47
2025-09-04 19:42:06,648 INFO o.a.j.t.JMeterThread: Thread finished: TG - Load 1-47
2025-09-04 19:42:07,566 INFO o.a.j.t.JMeterThread: Thread is done: TG - Load 1-48
2025-09-04 19:42:07,566 INFO o.a.j.t.JMeterThread: Thread finished: TG - Load 1-48
2025-09-04 19:42:07,567 INFO o.a.j.e.StandardJMeterEngine: Notifying test listeners of end of test
2025-09-04 19:42:07,567 INFO o.a.j.s.FileServer: Close: C:/Users/fabio/proyectos jmeter/Modulo7-Actividad3/blaze_users_fixed.csv
2025-09-04 19:42:07,569 INFO o.a.j.r.Summariser: summary =      0 in 00:00:00 = ******/s Avg:     0 Min: 9223372036854775807 Max: -9223372036854775808 Err:     0 (0.00%)
2025-09-04 19:42:07,570 INFO o.a.j.JMeter: Generating Dashboard
2025-09-04 19:42:07,571 INFO o.a.j.r.d.ReportGenerator: Flushing result collector before report Generation
2025-09-04 19:42:07,599 INFO o.a.j.r.p.NormalizerSampleConsumer: Using format, 'ms', to parse timeStamp field
2025-09-04 19:42:07,743 INFO o.a.j.r.p.AbstractSampleConsumer: class org.apache.jmeter.report.processor.AggregateConsumer#stopProducing(): beginDate produced 0 samples
2025-09-04 19:42:07,743 INFO o.a.j.r.p.AbstractSampleConsumer: class org.apache.jmeter.report.processor.AggregateConsumer#stopProducing(): endDate produced 0 samples
2025-09-04 19:42:07,750 INFO o.a.j.r.p.AbstractSampleConsumer: class org.apache.jmeter.report.processor.ApdexSummaryConsumer#stopProducing(): apdexSummary produced 0 samples
2025-09-04 19:42:07,750 INFO o.a.j.r.p.AbstractSampleConsumer: class org.apache.jmeter.report.processor.RequestsSummaryConsumer#stopProducing(): requestsSummary produced 0 samples
2025-09-04 19:42:07,762 INFO o.a.j.r.p.AbstractSampleConsumer: class org.apache.jmeter.report.processor.StatisticsSummaryConsumer#stopProducing(): statisticsSummary produced 0 samples
2025-09-04 19:42:07,766 INFO o.a.j.r.p.AbstractSampleConsumer: class org.apache.jmeter.report.processor.Top5ErrorsBySamplerConsumer#stopProducing(): top5ErrorsBySampler produced 0 samples
2025-09-04 19:42:07,766 INFO o.a.j.r.p.AbstractSampleConsumer: class org.apache.jmeter.report.processor.ErrorsSummaryConsumer#stopProducing(): errorsSummary produced 0 samples
2025-09-04 19:42:07,766 INFO o.a.j.r.p.AbstractSampleConsumer: class org.apache.jmeter.report.processor.graph.impl.HitsPerSecondGraphConsumer#stopProducing(): hitsPerSecond produced 0 samples
2025-09-04 19:42:07,805 INFO o.a.j.r.p.AbstractSampleConsumer: class org.apache.jmeter.report.processor.graph.impl.LatencyVSRequestGraphConsumer#stopProducing(): latencyVsRequest produced 0 samples
2025-09-04 19:42:07,808 INFO o.a.j.r.p.AbstractSampleConsumer: class org.apache.jmeter.report.processor.graph.impl.SyntheticResponseTimeDistributionGraphConsumer#stopProducing(): syntheticResponseTimeDistribution produced 0 samples
2025-09-04 19:42:07,810 INFO o.a.j.r.p.AbstractSampleConsumer: class org.apache.jmeter.report.processor.graph.impl.BytesThroughputGraphConsumer#stopProducing(): bytesThroughputOverTime produced 0 samples
2025-09-04 19:42:07,810 INFO o.a.j.r.p.AbstractSampleConsumer: class org.apache.jmeter.report.processor.graph.impl.CodesPerSecondGraphConsumer#stopProducing(): codesPerSecond produced 0 samples
2025-09-04 19:42:07,825 INFO o.a.j.r.p.AbstractSampleConsumer: class org.apache.jmeter.report.processor.graph.impl.ResponseTimeVSRequestGraphConsumer#stopProducing(): responseTimeVsRequest produced 0 samples
2025-09-04 19:42:07,826 INFO o.a.j.r.p.AbstractSampleConsumer: class org.apache.jmeter.report.processor.FilterConsumer#stopProducing(): startIntervalControlerFilter produced 2800 samples
2025-09-04 19:42:07,827 INFO o.a.j.r.p.AbstractSampleConsumer: class org.apache.jmeter.report.processor.graph.impl.TotalTPSGraphConsumer#stopProducing(): totalTPS produced 0 samples
2025-09-04 19:42:07,828 INFO o.a.j.r.p.AbstractSampleConsumer: class org.apache.jmeter.report.processor.graph.impl.ActiveThreadsGraphConsumer#stopProducing(): activeThreadsOverTime produced 0 samples
2025-09-04 19:42:07,828 INFO o.a.j.r.p.AbstractSampleConsumer: class org.apache.jmeter.report.processor.graph.impl.TimeVSThreadGraphConsumer#stopProducing(): timeVsThreads produced 0 samples
2025-09-04 19:42:07,829 INFO o.a.j.r.p.AbstractSampleConsumer: class org.apache.jmeter.report.processor.graph.impl.ResponseTimeDistributionGraphConsumer#stopProducing(): responseTimeDistribution produced 0 samples
2025-09-04 19:42:07,830 INFO o.a.j.r.p.AbstractSampleConsumer: class org.apache.jmeter.report.processor.graph.impl.TransactionsPerSecondGraphConsumer#stopProducing(): transactionsPerSecond produced 0 samples
2025-09-04 19:42:07,830 INFO o.a.j.r.p.AbstractSampleConsumer: class org.apache.jmeter.report.processor.graph.impl.ResponseTimePercentilesGraphConsumer#stopProducing(): responseTimePercentiles produced 0 samples
2025-09-04 19:42:07,836 INFO o.a.j.r.p.AbstractSampleConsumer: class org.apache.jmeter.report.processor.graph.impl.ResponseTimePercentilesOverTimeGraphConsumer#stopProducing(): responseTimePercentilesOverTime produced 0 samples
2025-09-04 19:42:07,837 INFO o.a.j.r.p.AbstractSampleConsumer: class org.apache.jmeter.report.processor.graph.impl.ResponseTimeOverTimeGraphConsumer#stopProducing(): responseTimesOverTime produced 0 samples
2025-09-04 19:42:07,837 INFO o.a.j.r.p.AbstractSampleConsumer: class org.apache.jmeter.report.processor.graph.impl.ConnectTimeOverTimeGraphConsumer#stopProducing(): connectTimeOverTime produced 0 samples
2025-09-04 19:42:07,837 INFO o.a.j.r.p.AbstractSampleConsumer: class org.apache.jmeter.report.processor.graph.impl.LatencyOverTimeGraphConsumer#stopProducing(): latenciesOverTime produced 0 samples
2025-09-04 19:42:07,837 INFO o.a.j.r.p.AbstractSampleConsumer: class org.apache.jmeter.report.processor.FilterConsumer#stopProducing(): nameFilter produced 12000 samples
2025-09-04 19:42:07,838 INFO o.a.j.r.p.AbstractSampleConsumer: class org.apache.jmeter.report.processor.FilterConsumer#stopProducing(): dateRangeFilter produced 2400 samples
2025-09-04 19:42:07,838 INFO o.a.j.r.p.AbstractSampleConsumer: class org.apache.jmeter.report.processor.NormalizerSampleConsumer#stopProducing(): normalizer produced 800 samples
2025-09-04 19:42:07,840 INFO o.a.j.r.p.CsvFileSampleSource: produce(): 800 samples produced in 194ms on channel 0
2025-09-04 19:42:07,840 INFO o.a.j.r.d.ReportGenerator: Exporting data using exporter:'json' of className:'org.apache.jmeter.report.dashboard.JsonExporter'
2025-09-04 19:42:07,981 INFO o.a.j.r.d.JsonExporter: Found data for consumer statisticsSummary in context
2025-09-04 19:42:07,981 INFO o.a.j.r.d.JsonExporter: Creating statistics for overall
2025-09-04 19:42:07,982 INFO o.a.j.r.d.JsonExporter: Creating statistics for other transactions
2025-09-04 19:42:07,982 INFO o.a.j.r.d.JsonExporter: Checking output folder
2025-09-04 19:42:07,984 INFO o.a.j.r.d.JsonExporter: Writing statistics JSON to C:\Users\fabio\proyectos jmeter\Modulo7-Actividad3\docs\statistics.json
2025-09-04 19:42:08,044 INFO o.a.j.r.d.ReportGenerator: Exporting data using exporter:'html' of className:'org.apache.jmeter.report.dashboard.HtmlTemplateExporter'
2025-09-04 19:42:08,048 INFO o.a.j.r.d.HtmlTemplateExporter: Will generate dashboard in folder: C:\Users\fabio\proyectos jmeter\Modulo7-Actividad3\docs
2025-09-04 19:42:08,254 INFO o.a.j.r.d.HtmlTemplateExporter: Report will be generated in: C:\Users\fabio\proyectos jmeter\Modulo7-Actividad3\docs, creating folder structure
2025-09-04 19:42:08,261 INFO o.a.j.r.d.TemplateVisitor: Copying folder from 'C:\apache-jmeter-5.6.3\bin\report-template' to 'C:\Users\fabio\proyectos jmeter\Modulo7-Actividad3\docs', got message: C:\Users\fabio\proyectos jmeter\Modulo7-Actividad3\docs, found non empty folder with following content [C:\Users\fabio\proyectos jmeter\Modulo7-Actividad3\docs\statistics.json], will be ignored
2025-09-04 19:42:09,211 INFO o.a.j.JMeter: Dashboard generated
